 -0.2221133352435922    
  4.0221264421751000E-02
  0.2805800716376856    
 -5.6191039820924880E-02
 -0.3003163604105552    
  0.1464150255015828    
 -0.2494997954832234    
 -0.2249205869463164    
 -0.2296838689249081    
  5.1214282795870590E-02
  0.2623345996653432    
  0.5026934068812778    
  0.1659222954226673    
 -7.8203025166962980E-02
  0.3685283607451750    
 -2.7386460239631210E-02
 -2.8072517027242230E-03
 -7.5705336813158830E-03
  0.2733276180394628    
  0.2403588072159346    
 -9.6412304242675880E-02
 -0.3405376248323062    
  0.1061937610798318    
 -0.2897210599049744    
 -0.2651418513680674    
 -0.2699051333466591    
  1.0993018374119590E-02
 -0.3367711114586105    
 -0.5808964320482408    
 -0.1341650461361028    
 -0.5300798671209090    
 -0.5055006585840021    
 -0.5102639405625937    
 -0.2293657888418150    
 -0.2441253205896303    
  0.2026060653225077    
 -0.1933087556622985    
 -0.1687295471253916    
 -0.1734928291039832    
  0.1074053226167955    
  0.4467313859121380    
  5.0816564927331780E-02
  7.5395773464238760E-02
  7.0632491485647100E-02
  0.3515306432064258    
 -0.3959148209848062    
 -0.3713356124478993    
 -0.3760988944264909    
 -9.5200742705712220E-02
  2.4579208536906980E-02
  1.9815926558315320E-02
  0.3007140782790940    
 -4.7632819785916600E-03
  0.2761348697421870    
  0.2808981517207787    
 -6.7091756681036730E-02
 -7.4641809425208370E-02
 -6.7923836325472830E-02
  0.1077357337462370    
 -6.2868489936724450E-02
  0.9477081716919289    
  0.7215247631130632    
  0.2960089091668550    
 -0.1043290190245802    
 -1.2169024878391220E-02
 -7.5500527441716430E-03
 -8.3207964443610120E-04
  0.1748274904272737    
  4.2232667443122820E-03
   1.014799928372966    
  0.7886165197941000    
  0.3631006658478917    
 -3.7237262343543520E-02
  5.4922731802645510E-02
  6.7179730997355410E-03
  0.1823775431714454    
  1.1773319488483920E-02
   1.022349981117137    
  0.7961665725382716    
  0.3706507185920633    
 -2.9687209599371880E-02
  6.2472784546817150E-02
  0.1756595700717098    
  5.0553463887483830E-03
   1.015632008017402    
  0.7894485994385361    
  0.3639327454923278    
 -3.6405182699107420E-02
  5.5754811447081610E-02
 -0.1706042236829615    
  0.8399724379456919    
  0.6137890293668262    
  0.1882731754206179    
 -0.2120647527708173    
 -0.1199047586246282    
   1.010576661628653    
  0.7843932530497877    
  0.3588773991035794    
 -4.1460529087855800E-02
  5.0699465058333230E-02
 -0.2261834085788657    
 -0.6516992625250739    
  -1.052037190716509    
 -0.9598771965703201    
 -0.4255158539462083    
 -0.8258537821376435    
 -0.7336937879914545    
 -0.4003379281914352    
 -0.3081779340452462    
  9.2159994146189030E-02
 -0.1760367989200774    
  0.7902597893768045    
  1.3560184102824000E-02
  8.0081638470716920E-02
  0.8015964936233423    
  0.1485537683249731    
 -0.1764108331946653    
 -0.1870260945263085    
 -0.1699734190639431    
  0.3570507014116544    
  0.9662965882968819    
  0.1895969830229014    
  0.2561184373907943    
  0.9776332925434197    
  0.3245905672450505    
 -3.7403427458793100E-04
 -1.0989295606231130E-02
  6.0633798561343100E-03
  0.5330875003317318    
 -0.7766996052739805    
 -0.7101781509060876    
  1.1336704246537770E-02
 -0.6417060210518314    
 -0.9666706225714698    
 -0.9772858839031131    
 -0.9602332084407477    
 -0.4332090879651501    
  6.6521454367892920E-02
  0.7880363095205183    
  0.1349935842221491    
 -0.1899710172974893    
 -0.2005862786291325    
 -0.1835336031667671    
  0.3434905173088304    
  0.7215148551526254    
  6.8472129854256210E-02
 -0.2564924716653822    
 -0.2671077329970254    
 -0.2500550575346600    
  0.2769690629409375    
 -0.6530427252983692    
 -0.9780073268180076    
 -0.9886225881496509    
 -0.9715699126872854    
 -0.4445457922116879    
 -0.3249646015196385    
 -0.3355798628512817    
 -0.3185271873889162    
  0.2084969330866813    
 -1.0615261331643200E-02
  6.4374141307222410E-03
  0.5334615346063197    
  1.7052675462365440E-02
  0.5440767959379629    
  0.5270241204755974    
  0.5373860699999999    
  0.4038921100000000    
  0.3727381000000001    
  5.3947900000000050E-02
  0.1360448000000001    
  6.9940600000000020E-02
 -2.6468200000000050E-02
  4.5264999999998780E-03
  0.1221513000000001    
 -6.9364699999999950E-02
 -0.1334939599999999    
 -0.1646479699999999    
 -0.4834381699999999    
 -0.4013412699999999    
 -0.4674454699999999    
 -0.5638542700000000    
 -0.5328595700000001    
 -0.4152347699999999    
 -0.6067507699999999    
 -3.1154009999999950E-02
 -0.3499442100000000    
 -0.2678473099999999    
 -0.3339515100000000    
 -0.4303603100000001    
 -0.3993656100000001    
 -0.2817408100000000    
 -0.4732568100000000    
 -0.3187902000000000    
 -0.2366933000000000    
 -0.3027975000000001    
 -0.3992063000000001    
 -0.3682116000000002    
 -0.2505868000000000    
 -0.4421028000000000    
  8.2096900000000030E-02
  1.5992699999999970E-02
 -8.0416100000000100E-02
 -4.9421400000000170E-02
  6.8203400000000030E-02
 -0.1233126000000000    
 -6.6104200000000060E-02
 -0.1625130000000001    
 -0.1315183000000002    
 -1.3893500000000000E-02
 -0.2054095000000000    
 -9.6408800000000070E-02
 -6.5414100000000140E-02
  5.2210700000000050E-02
 -0.1393053000000000    
  3.0994699999999930E-02
  0.1486195000000001    
 -4.2896499999999890E-02
  0.1176248000000002    
 -7.3891199999999820E-02
 -0.1915160000000000    
  6.2713999999999990E-02
  3.4234770000000000E-02
  5.9849619999999990E-02
  5.3173510000000010E-02
  3.6405789999999990E-02
  3.1426170000000000E-02
  3.9987190000000010E-02
  1.9764809999999990E-02
  1.4412550000000000E-02
  3.6297479999999990E-02
 -2.8479229999999990E-02
 -2.8643800000000000E-03
 -9.5404899999999850E-03
 -2.6308210000000000E-02
 -3.1287829999999990E-02
 -2.2726809999999990E-02
 -4.2949190000000000E-02
 -4.8301450000000000E-02
 -2.6416520000000000E-02
  2.5614849999999990E-02
  1.8938740000000010E-02
  2.1710199999999960E-03
 -2.8085999999999940E-03
  5.7524200000000080E-03
 -1.4469960000000000E-02
 -1.9822220000000000E-02
  2.0627099999999950E-03
 -6.6761099999999850E-03
 -2.3443830000000000E-02
 -2.8423449999999990E-02
 -1.9862429999999990E-02
 -4.0084810000000000E-02
 -4.5437070000000000E-02
 -2.3552140000000000E-02
 -1.6767720000000010E-02
 -2.1747340000000000E-02
 -1.3186320000000000E-02
 -3.3408700000000010E-02
 -3.8760960000000010E-02
 -1.6876030000000010E-02
 -4.9796199999999900E-03
  3.5814000000000120E-03
 -1.6640980000000000E-02
 -2.1993240000000000E-02
 -1.0831000000000040E-04
  8.5610200000000030E-03
 -1.1661360000000010E-02
 -1.7013620000000010E-02
  4.8713099999999900E-03
 -2.0222380000000010E-02
 -2.5574640000000010E-02
 -3.6897100000000130E-03
 -5.3522599999999980E-03
  1.6532670000000000E-02
  2.1884930000000000E-02
 -0.1210915251638980    
 -0.1968611657497190    
 -0.1315185796461460    
 -0.3026909010646106    
 -0.1570454196180862    
 -7.5769640585821030E-02
 -1.0427054482248010E-02
 -0.1815993759007126    
 -3.5953894454188170E-02
  6.5342586103573020E-02
 -0.1058297353148916    
  3.9815746131632860E-02
 -0.1711723214184646    
 -2.5526839971940160E-02
  0.1456454814465244    
  -2.518127675603189    
  -2.296014340359597    
  -2.558348940024940    
  -2.798707747240875    
  -2.461936635782264    
  -2.217811315192634    
  -2.664542701104772    
  -2.268627880119966    
  -2.293207088656873    
  -2.288443806678281    
  -2.569341958399060    
  -1.633567852639647    
  -1.566476095958611    
  -1.558926043214439    
  -1.565644016314174    
  -1.741303586385884    
  -1.570699362702923    
  -2.581276024331576    
  -2.355092615752711    
  -1.929576761806502    
  -1.529238833615067    
  -1.621398827761256    
 -0.6068120968436367    
 -0.4307752979235593    
  -1.397071886220441    
 -0.6203722809464607    
 -0.6868937353143536    
  -1.408408590466979    
 -0.7553658651686098    
 -0.4304012636489714    
 -0.4197860023173282    
 -0.4368386777796936    
 -0.9638627982552911    
   1.387608800000000    
  0.8502227300000000    
  0.9837166899999999    
   1.014870700000000    
   1.333660900000000    
   1.251564000000000    
   1.317668200000000    
   1.414077000000000    
   1.383082300000000    
   1.265457500000000    
   1.456973500000000    
  0.1932315000000000    
  0.1305175000000000    
  0.1589967300000000    
  0.1333818800000000    
  0.1400579900000000    
  0.1568257100000000    
  0.1618053300000000    
  0.1532443100000000    
  0.1734666900000000    
  0.1788189500000000    
  0.1569340200000000    
  -4.158171832118347    
  -4.037080306954449    
  -3.961310666368628    
  -4.026653252472201    
  -3.855480931053736    
  -4.001126412500261    
